<?xml version="1.0" encoding="UTF-8"?>
<testng-results skipped="0" failed="0" ignored="0" total="1" passed="1">
  <reporter-output>
  </reporter-output>
  <suite name="Default suite" duration-ms="1656" started-at="2022-08-16T00:49:51Z" finished-at="2022-08-16T00:49:52Z">
    <groups>
    </groups>
    <test name="Default test" duration-ms="1656" started-at="2022-08-16T00:49:51Z" finished-at="2022-08-16T00:49:52Z">
      <class name="testCases.ReadAllProduct">
        <test-method status="PASS" signature="readALlProducts()[pri:0, instance:testCases.ReadAllProduct@5cee5251]" name="readALlProducts" duration-ms="1643" started-at="2022-08-16T00:49:51Z" finished-at="2022-08-16T00:49:52Z">
          <reporter-output>
          </reporter-output>
        </test-method> <!-- readALlProducts -->
      </class> <!-- testCases.ReadAllProduct -->
    </test> <!-- Default test -->
  </suite> <!-- Default suite -->
</testng-results>
